{"C:\\Users\\SHANN\\Desktop\\PLP-MERN Stack\\Assignments\\testing-and-debugging-ensuring-mern-app-reliability-Shann404\\server\\app.js": {"path":"C:\\Users\\SHANN\\Desktop\\PLP-MERN Stack\\Assignments\\testing-and-debugging-ensuring-mern-app-reliability-Shann404\\server\\app.js","statementMap":{"0":{"start":{"line":2,"column":16},"end":{"line":2,"column":null}},"1":{"start":{"line":3,"column":17},"end":{"line":3,"column":null}},"2":{"start":{"line":4,"column":13},"end":{"line":4,"column":null}},"3":{"start":{"line":5,"column":15},"end":{"line":5,"column":null}},"4":{"start":{"line":6,"column":15},"end":{"line":6,"column":null}},"5":{"start":{"line":8,"column":19},"end":{"line":8,"column":null}},"6":{"start":{"line":9,"column":19},"end":{"line":9,"column":null}},"7":{"start":{"line":10,"column":19},"end":{"line":10,"column":null}},"8":{"start":{"line":12,"column":12},"end":{"line":12,"column":null}},"9":{"start":{"line":15,"column":0},"end":{"line":15,"column":null}},"10":{"start":{"line":16,"column":0},"end":{"line":16,"column":null}},"11":{"start":{"line":17,"column":0},"end":{"line":17,"column":null}},"12":{"start":{"line":18,"column":0},"end":{"line":18,"column":null}},"13":{"start":{"line":19,"column":0},"end":{"line":19,"column":null}},"14":{"start":{"line":22,"column":0},"end":{"line":22,"column":null}},"15":{"start":{"line":23,"column":0},"end":{"line":23,"column":null}},"16":{"start":{"line":24,"column":0},"end":{"line":24,"column":null}},"17":{"start":{"line":27,"column":0},"end":{"line":33,"column":null}},"18":{"start":{"line":28,"column":2},"end":{"line":32,"column":null}},"19":{"start":{"line":36,"column":0},"end":{"line":41,"column":null}},"20":{"start":{"line":37,"column":2},"end":{"line":40,"column":null}},"21":{"start":{"line":44,"column":0},"end":{"line":66,"column":null}},"22":{"start":{"line":45,"column":2},"end":{"line":45,"column":null}},"23":{"start":{"line":47,"column":2},"end":{"line":53,"column":null}},"24":{"start":{"line":48,"column":4},"end":{"line":52,"column":null}},"25":{"start":{"line":51,"column":49},"end":{"line":51,"column":58}},"26":{"start":{"line":55,"column":2},"end":{"line":60,"column":null}},"27":{"start":{"line":56,"column":4},"end":{"line":59,"column":null}},"28":{"start":{"line":62,"column":2},"end":{"line":65,"column":null}},"29":{"start":{"line":68,"column":0},"end":{"line":68,"column":null}}},"fnMap":{"0":{"name":"(anonymous_0)","decl":{"start":{"line":27,"column":19},"end":{"line":27,"column":20}},"loc":{"start":{"line":27,"column":25},"end":{"line":33,"column":null}}},"1":{"name":"(anonymous_1)","decl":{"start":{"line":36,"column":8},"end":{"line":36,"column":9}},"loc":{"start":{"line":36,"column":14},"end":{"line":41,"column":null}}},"2":{"name":"(anonymous_2)","decl":{"start":{"line":44,"column":8},"end":{"line":44,"column":9}},"loc":{"start":{"line":44,"column":24},"end":{"line":66,"column":null}}},"3":{"name":"(anonymous_3)","decl":{"start":{"line":51,"column":44},"end":{"line":51,"column":49}},"loc":{"start":{"line":51,"column":49},"end":{"line":51,"column":58}}}},"branchMap":{"0":{"loc":{"start":{"line":47,"column":2},"end":{"line":53,"column":null}},"type":"if","locations":[{"start":{"line":47,"column":2},"end":{"line":53,"column":null}},{"start":{},"end":{}}]},"1":{"loc":{"start":{"line":55,"column":2},"end":{"line":60,"column":null}},"type":"if","locations":[{"start":{"line":55,"column":2},"end":{"line":60,"column":null}},{"start":{},"end":{}}]},"2":{"loc":{"start":{"line":62,"column":13},"end":{"line":62,"column":32}},"type":"binary-expr","locations":[{"start":{"line":62,"column":13},"end":{"line":62,"column":23}},{"start":{"line":62,"column":27},"end":{"line":62,"column":32}}]},"3":{"loc":{"start":{"line":64,"column":13},"end":{"line":64,"column":null}},"type":"binary-expr","locations":[{"start":{"line":64,"column":13},"end":{"line":64,"column":24}},{"start":{"line":64,"column":28},"end":{"line":64,"column":null}}]}},"s":{"0":1,"1":1,"2":1,"3":1,"4":1,"5":1,"6":1,"7":1,"8":1,"9":1,"10":1,"11":1,"12":1,"13":1,"14":1,"15":1,"16":1,"17":1,"18":0,"19":1,"20":0,"21":1,"22":0,"23":0,"24":0,"25":0,"26":0,"27":0,"28":0,"29":1},"f":{"0":0,"1":0,"2":0,"3":0},"b":{"0":[0,0],"1":[0,0],"2":[0,0],"3":[0,0]}}
,"C:\\Users\\SHANN\\Desktop\\PLP-MERN Stack\\Assignments\\testing-and-debugging-ensuring-mern-app-reliability-Shann404\\server\\controllers\\userController.js": {"path":"C:\\Users\\SHANN\\Desktop\\PLP-MERN Stack\\Assignments\\testing-and-debugging-ensuring-mern-app-reliability-Shann404\\server\\controllers\\userController.js","statementMap":{"0":{"start":{"line":3,"column":0},"end":{"line":5,"column":null}},"1":{"start":{"line":4,"column":2},"end":{"line":4,"column":null}},"2":{"start":{"line":7,"column":0},"end":{"line":9,"column":null}},"3":{"start":{"line":8,"column":2},"end":{"line":8,"column":null}}},"fnMap":{"0":{"name":"(anonymous_0)","decl":{"start":{"line":3,"column":21},"end":{"line":3,"column":22}},"loc":{"start":{"line":3,"column":27},"end":{"line":5,"column":null}}},"1":{"name":"(anonymous_1)","decl":{"start":{"line":7,"column":19},"end":{"line":7,"column":20}},"loc":{"start":{"line":7,"column":25},"end":{"line":9,"column":null}}}},"branchMap":{},"s":{"0":1,"1":0,"2":1,"3":0},"f":{"0":0,"1":0},"b":{}}
,"C:\\Users\\SHANN\\Desktop\\PLP-MERN Stack\\Assignments\\testing-and-debugging-ensuring-mern-app-reliability-Shann404\\server\\middleware\\adminMiddleware.js": {"path":"C:\\Users\\SHANN\\Desktop\\PLP-MERN Stack\\Assignments\\testing-and-debugging-ensuring-mern-app-reliability-Shann404\\server\\middleware\\adminMiddleware.js","statementMap":{"0":{"start":{"line":1,"column":24},"end":{"line":6,"column":null}},"1":{"start":{"line":2,"column":2},"end":{"line":4,"column":null}},"2":{"start":{"line":3,"column":4},"end":{"line":3,"column":null}},"3":{"start":{"line":5,"column":2},"end":{"line":5,"column":null}},"4":{"start":{"line":8,"column":0},"end":{"line":8,"column":null}}},"fnMap":{"0":{"name":"(anonymous_0)","decl":{"start":{"line":1,"column":24},"end":{"line":1,"column":25}},"loc":{"start":{"line":1,"column":35},"end":{"line":6,"column":null}}}},"branchMap":{"0":{"loc":{"start":{"line":2,"column":2},"end":{"line":4,"column":null}},"type":"if","locations":[{"start":{"line":2,"column":2},"end":{"line":4,"column":null}},{"start":{},"end":{}}]},"1":{"loc":{"start":{"line":2,"column":6},"end":{"line":2,"column":46}},"type":"binary-expr","locations":[{"start":{"line":2,"column":6},"end":{"line":2,"column":15}},{"start":{"line":2,"column":19},"end":{"line":2,"column":46}}]}},"s":{"0":1,"1":0,"2":0,"3":0,"4":1},"f":{"0":0},"b":{"0":[0,0],"1":[0,0]}}
,"C:\\Users\\SHANN\\Desktop\\PLP-MERN Stack\\Assignments\\testing-and-debugging-ensuring-mern-app-reliability-Shann404\\server\\middleware\\authMiddleware.js": {"path":"C:\\Users\\SHANN\\Desktop\\PLP-MERN Stack\\Assignments\\testing-and-debugging-ensuring-mern-app-reliability-Shann404\\server\\middleware\\authMiddleware.js","statementMap":{"0":{"start":{"line":1,"column":12},"end":{"line":1,"column":null}},"1":{"start":{"line":2,"column":13},"end":{"line":2,"column":null}},"2":{"start":{"line":4,"column":23},"end":{"line":18,"column":null}},"3":{"start":{"line":5,"column":21},"end":{"line":5,"column":46}},"4":{"start":{"line":6,"column":2},"end":{"line":8,"column":null}},"5":{"start":{"line":7,"column":4},"end":{"line":7,"column":null}},"6":{"start":{"line":10,"column":16},"end":{"line":10,"column":40}},"7":{"start":{"line":11,"column":2},"end":{"line":17,"column":null}},"8":{"start":{"line":12,"column":20},"end":{"line":12,"column":null}},"9":{"start":{"line":13,"column":4},"end":{"line":13,"column":null}},"10":{"start":{"line":14,"column":4},"end":{"line":14,"column":null}},"11":{"start":{"line":16,"column":4},"end":{"line":16,"column":null}},"12":{"start":{"line":20,"column":0},"end":{"line":20,"column":null}}},"fnMap":{"0":{"name":"(anonymous_0)","decl":{"start":{"line":4,"column":23},"end":{"line":4,"column":30}},"loc":{"start":{"line":4,"column":40},"end":{"line":18,"column":null}}}},"branchMap":{"0":{"loc":{"start":{"line":6,"column":2},"end":{"line":8,"column":null}},"type":"if","locations":[{"start":{"line":6,"column":2},"end":{"line":8,"column":null}},{"start":{},"end":{}}]},"1":{"loc":{"start":{"line":6,"column":6},"end":{"line":6,"column":56}},"type":"binary-expr","locations":[{"start":{"line":6,"column":6},"end":{"line":6,"column":21}},{"start":{"line":6,"column":21},"end":{"line":6,"column":56}}]}},"s":{"0":1,"1":1,"2":1,"3":0,"4":0,"5":0,"6":0,"7":0,"8":0,"9":0,"10":0,"11":0,"12":1},"f":{"0":0},"b":{"0":[0,0],"1":[0,0]}}
,"C:\\Users\\SHANN\\Desktop\\PLP-MERN Stack\\Assignments\\testing-and-debugging-ensuring-mern-app-reliability-Shann404\\server\\models\\Post.js": {"path":"C:\\Users\\SHANN\\Desktop\\PLP-MERN Stack\\Assignments\\testing-and-debugging-ensuring-mern-app-reliability-Shann404\\server\\models\\Post.js","statementMap":{"0":{"start":{"line":2,"column":17},"end":{"line":2,"column":null}},"1":{"start":{"line":4,"column":19},"end":{"line":35,"column":null}},"2":{"start":{"line":38,"column":0},"end":{"line":38,"column":null}},"3":{"start":{"line":39,"column":0},"end":{"line":39,"column":null}},"4":{"start":{"line":41,"column":0},"end":{"line":41,"column":null}}},"fnMap":{},"branchMap":{},"s":{"0":1,"1":1,"2":1,"3":1,"4":1},"f":{},"b":{}}
,"C:\\Users\\SHANN\\Desktop\\PLP-MERN Stack\\Assignments\\testing-and-debugging-ensuring-mern-app-reliability-Shann404\\server\\models\\User.js": {"path":"C:\\Users\\SHANN\\Desktop\\PLP-MERN Stack\\Assignments\\testing-and-debugging-ensuring-mern-app-reliability-Shann404\\server\\models\\User.js","statementMap":{"0":{"start":{"line":2,"column":17},"end":{"line":2,"column":null}},"1":{"start":{"line":3,"column":15},"end":{"line":3,"column":null}},"2":{"start":{"line":5,"column":19},"end":{"line":34,"column":null}},"3":{"start":{"line":36,"column":0},"end":{"line":42,"column":null}},"4":{"start":{"line":37,"column":2},"end":{"line":41,"column":null}},"5":{"start":{"line":38,"column":4},"end":{"line":38,"column":null}},"6":{"start":{"line":40,"column":4},"end":{"line":40,"column":null}},"7":{"start":{"line":44,"column":2},"end":{"line":54,"column":null}},"8":{"start":{"line":45,"column":2},"end":{"line":45,"column":null}},"9":{"start":{"line":45,"column":36},"end":{"line":45,"column":null}},"10":{"start":{"line":47,"column":2},"end":{"line":53,"column":null}},"11":{"start":{"line":48,"column":17},"end":{"line":48,"column":null}},"12":{"start":{"line":49,"column":4},"end":{"line":49,"column":null}},"13":{"start":{"line":50,"column":4},"end":{"line":50,"column":null}},"14":{"start":{"line":52,"column":4},"end":{"line":52,"column":null}},"15":{"start":{"line":57,"column":0},"end":{"line":57,"column":null}},"16":{"start":{"line":59,"column":0},"end":{"line":59,"column":null}}},"fnMap":{"0":{"name":"(anonymous_0)","decl":{"start":{"line":36,"column":37},"end":{"line":36,"column":52}},"loc":{"start":{"line":36,"column":69},"end":{"line":42,"column":null}}},"1":{"name":"(anonymous_1)","decl":{"start":{"line":44,"column":25},"end":{"line":44,"column":40}},"loc":{"start":{"line":44,"column":44},"end":{"line":54,"column":null}}}},"branchMap":{"0":{"loc":{"start":{"line":45,"column":2},"end":{"line":45,"column":null}},"type":"if","locations":[{"start":{"line":45,"column":2},"end":{"line":45,"column":null}},{"start":{},"end":{}}]}},"s":{"0":1,"1":1,"2":1,"3":1,"4":19,"5":19,"6":0,"7":1,"8":27,"9":0,"10":27,"11":27,"12":27,"13":27,"14":0,"15":1,"16":1},"f":{"0":19,"1":27},"b":{"0":[0,27]}}
,"C:\\Users\\SHANN\\Desktop\\PLP-MERN Stack\\Assignments\\testing-and-debugging-ensuring-mern-app-reliability-Shann404\\server\\routes\\auth.js": {"path":"C:\\Users\\SHANN\\Desktop\\PLP-MERN Stack\\Assignments\\testing-and-debugging-ensuring-mern-app-reliability-Shann404\\server\\routes\\auth.js","statementMap":{"0":{"start":{"line":2,"column":16},"end":{"line":2,"column":null}},"1":{"start":{"line":3,"column":12},"end":{"line":3,"column":null}},"2":{"start":{"line":4,"column":13},"end":{"line":4,"column":null}},"3":{"start":{"line":5,"column":15},"end":{"line":5,"column":null}},"4":{"start":{"line":8,"column":0},"end":{"line":82,"column":null}},"5":{"start":{"line":9,"column":2},"end":{"line":81,"column":null}},"6":{"start":{"line":10,"column":38},"end":{"line":10,"column":46}},"7":{"start":{"line":13,"column":4},"end":{"line":18,"column":null}},"8":{"start":{"line":14,"column":6},"end":{"line":17,"column":null}},"9":{"start":{"line":21,"column":25},"end":{"line":21,"column":null}},"10":{"start":{"line":22,"column":4},"end":{"line":27,"column":null}},"11":{"start":{"line":23,"column":6},"end":{"line":26,"column":null}},"12":{"start":{"line":30,"column":17},"end":{"line":34,"column":null}},"13":{"start":{"line":37,"column":18},"end":{"line":40,"column":null}},"14":{"start":{"line":43,"column":4},"end":{"line":54,"column":null}},"15":{"start":{"line":56,"column":4},"end":{"line":56,"column":null}},"16":{"start":{"line":59,"column":4},"end":{"line":66,"column":null}},"17":{"start":{"line":60,"column":21},"end":{"line":60,"column":null}},"18":{"start":{"line":60,"column":58},"end":{"line":60,"column":67}},"19":{"start":{"line":61,"column":6},"end":{"line":65,"column":null}},"20":{"start":{"line":69,"column":4},"end":{"line":74,"column":null}},"21":{"start":{"line":70,"column":6},"end":{"line":73,"column":null}},"22":{"start":{"line":76,"column":4},"end":{"line":80,"column":null}},"23":{"start":{"line":85,"column":0},"end":{"line":142,"column":null}},"24":{"start":{"line":86,"column":2},"end":{"line":141,"column":null}},"25":{"start":{"line":87,"column":32},"end":{"line":87,"column":40}},"26":{"start":{"line":90,"column":4},"end":{"line":95,"column":null}},"27":{"start":{"line":91,"column":6},"end":{"line":94,"column":null}},"28":{"start":{"line":98,"column":17},"end":{"line":98,"column":null}},"29":{"start":{"line":99,"column":4},"end":{"line":104,"column":null}},"30":{"start":{"line":100,"column":6},"end":{"line":103,"column":null}},"31":{"start":{"line":107,"column":28},"end":{"line":107,"column":null}},"32":{"start":{"line":108,"column":4},"end":{"line":113,"column":null}},"33":{"start":{"line":109,"column":6},"end":{"line":112,"column":null}},"34":{"start":{"line":116,"column":18},"end":{"line":119,"column":null}},"35":{"start":{"line":122,"column":4},"end":{"line":133,"column":null}},"36":{"start":{"line":135,"column":4},"end":{"line":135,"column":null}},"37":{"start":{"line":136,"column":4},"end":{"line":140,"column":null}},"38":{"start":{"line":145,"column":0},"end":{"line":196,"column":null}},"39":{"start":{"line":146,"column":2},"end":{"line":195,"column":null}},"40":{"start":{"line":147,"column":18},"end":{"line":147,"column":null}},"41":{"start":{"line":149,"column":4},"end":{"line":154,"column":null}},"42":{"start":{"line":150,"column":6},"end":{"line":153,"column":null}},"43":{"start":{"line":156,"column":20},"end":{"line":156,"column":null}},"44":{"start":{"line":157,"column":17},"end":{"line":157,"column":null}},"45":{"start":{"line":159,"column":4},"end":{"line":164,"column":null}},"46":{"start":{"line":160,"column":6},"end":{"line":163,"column":null}},"47":{"start":{"line":166,"column":4},"end":{"line":176,"column":null}},"48":{"start":{"line":178,"column":4},"end":{"line":178,"column":null}},"49":{"start":{"line":179,"column":4},"end":{"line":184,"column":null}},"50":{"start":{"line":180,"column":6},"end":{"line":183,"column":null}},"51":{"start":{"line":185,"column":4},"end":{"line":190,"column":null}},"52":{"start":{"line":186,"column":6},"end":{"line":189,"column":null}},"53":{"start":{"line":191,"column":4},"end":{"line":194,"column":null}},"54":{"start":{"line":199,"column":0},"end":{"line":205,"column":null}},"55":{"start":{"line":201,"column":2},"end":{"line":204,"column":null}},"56":{"start":{"line":216,"column":0},"end":{"line":216,"column":null}}},"fnMap":{"0":{"name":"(anonymous_0)","decl":{"start":{"line":8,"column":25},"end":{"line":8,"column":32}},"loc":{"start":{"line":8,"column":37},"end":{"line":82,"column":null}}},"1":{"name":"(anonymous_1)","decl":{"start":{"line":60,"column":53},"end":{"line":60,"column":58}},"loc":{"start":{"line":60,"column":58},"end":{"line":60,"column":67}}},"2":{"name":"(anonymous_2)","decl":{"start":{"line":85,"column":22},"end":{"line":85,"column":29}},"loc":{"start":{"line":85,"column":34},"end":{"line":142,"column":null}}},"3":{"name":"(anonymous_3)","decl":{"start":{"line":145,"column":18},"end":{"line":145,"column":25}},"loc":{"start":{"line":145,"column":30},"end":{"line":196,"column":null}}},"4":{"name":"(anonymous_4)","decl":{"start":{"line":199,"column":23},"end":{"line":199,"column":24}},"loc":{"start":{"line":199,"column":29},"end":{"line":205,"column":null}}}},"branchMap":{"0":{"loc":{"start":{"line":13,"column":4},"end":{"line":18,"column":null}},"type":"if","locations":[{"start":{"line":13,"column":4},"end":{"line":18,"column":null}},{"start":{},"end":{}}]},"1":{"loc":{"start":{"line":13,"column":8},"end":{"line":13,"column":38}},"type":"binary-expr","locations":[{"start":{"line":13,"column":8},"end":{"line":13,"column":17}},{"start":{"line":13,"column":17},"end":{"line":13,"column":27}},{"start":{"line":13,"column":27},"end":{"line":13,"column":38}}]},"2":{"loc":{"start":{"line":22,"column":4},"end":{"line":27,"column":null}},"type":"if","locations":[{"start":{"line":22,"column":4},"end":{"line":27,"column":null}},{"start":{},"end":{}}]},"3":{"loc":{"start":{"line":39,"column":6},"end":{"line":39,"column":null}},"type":"binary-expr","locations":[{"start":{"line":39,"column":6},"end":{"line":39,"column":28}},{"start":{"line":39,"column":32},"end":{"line":39,"column":null}}]},"4":{"loc":{"start":{"line":59,"column":4},"end":{"line":66,"column":null}},"type":"if","locations":[{"start":{"line":59,"column":4},"end":{"line":66,"column":null}},{"start":{},"end":{}}]},"5":{"loc":{"start":{"line":69,"column":4},"end":{"line":74,"column":null}},"type":"if","locations":[{"start":{"line":69,"column":4},"end":{"line":74,"column":null}},{"start":{},"end":{}}]},"6":{"loc":{"start":{"line":90,"column":4},"end":{"line":95,"column":null}},"type":"if","locations":[{"start":{"line":90,"column":4},"end":{"line":95,"column":null}},{"start":{},"end":{}}]},"7":{"loc":{"start":{"line":90,"column":8},"end":{"line":90,"column":29}},"type":"binary-expr","locations":[{"start":{"line":90,"column":8},"end":{"line":90,"column":18}},{"start":{"line":90,"column":18},"end":{"line":90,"column":29}}]},"8":{"loc":{"start":{"line":99,"column":4},"end":{"line":104,"column":null}},"type":"if","locations":[{"start":{"line":99,"column":4},"end":{"line":104,"column":null}},{"start":{},"end":{}}]},"9":{"loc":{"start":{"line":108,"column":4},"end":{"line":113,"column":null}},"type":"if","locations":[{"start":{"line":108,"column":4},"end":{"line":113,"column":null}},{"start":{},"end":{}}]},"10":{"loc":{"start":{"line":118,"column":6},"end":{"line":118,"column":null}},"type":"binary-expr","locations":[{"start":{"line":118,"column":6},"end":{"line":118,"column":28}},{"start":{"line":118,"column":32},"end":{"line":118,"column":null}}]},"11":{"loc":{"start":{"line":149,"column":4},"end":{"line":154,"column":null}},"type":"if","locations":[{"start":{"line":149,"column":4},"end":{"line":154,"column":null}},{"start":{},"end":{}}]},"12":{"loc":{"start":{"line":156,"column":38},"end":{"line":156,"column":null}},"type":"binary-expr","locations":[{"start":{"line":156,"column":38},"end":{"line":156,"column":60}},{"start":{"line":156,"column":64},"end":{"line":156,"column":null}}]},"13":{"loc":{"start":{"line":159,"column":4},"end":{"line":164,"column":null}},"type":"if","locations":[{"start":{"line":159,"column":4},"end":{"line":164,"column":null}},{"start":{},"end":{}}]},"14":{"loc":{"start":{"line":179,"column":4},"end":{"line":184,"column":null}},"type":"if","locations":[{"start":{"line":179,"column":4},"end":{"line":184,"column":null}},{"start":{},"end":{}}]},"15":{"loc":{"start":{"line":185,"column":4},"end":{"line":190,"column":null}},"type":"if","locations":[{"start":{"line":185,"column":4},"end":{"line":190,"column":null}},{"start":{},"end":{}}]}},"s":{"0":1,"1":1,"2":1,"3":1,"4":1,"5":21,"6":21,"7":21,"8":4,"9":17,"10":17,"11":6,"12":11,"13":9,"14":9,"15":2,"16":2,"17":2,"18":2,"19":2,"20":0,"21":0,"22":0,"23":1,"24":27,"25":27,"26":27,"27":3,"28":24,"29":24,"30":5,"31":19,"32":19,"33":1,"34":18,"35":18,"36":0,"37":0,"38":1,"39":0,"40":0,"41":0,"42":0,"43":0,"44":0,"45":0,"46":0,"47":0,"48":0,"49":0,"50":0,"51":0,"52":0,"53":0,"54":1,"55":0,"56":1},"f":{"0":21,"1":2,"2":27,"3":0,"4":0},"b":{"0":[4,17],"1":[21,18,17],"2":[6,11],"3":[9,0],"4":[2,0],"5":[0,0],"6":[3,24],"7":[27,25],"8":[5,19],"9":[1,18],"10":[18,0],"11":[0,0],"12":[0,0],"13":[0,0],"14":[0,0],"15":[0,0]}}
,"C:\\Users\\SHANN\\Desktop\\PLP-MERN Stack\\Assignments\\testing-and-debugging-ensuring-mern-app-reliability-Shann404\\server\\routes\\posts.js": {"path":"C:\\Users\\SHANN\\Desktop\\PLP-MERN Stack\\Assignments\\testing-and-debugging-ensuring-mern-app-reliability-Shann404\\server\\routes\\posts.js","statementMap":{"0":{"start":{"line":2,"column":16},"end":{"line":2,"column":null}},"1":{"start":{"line":3,"column":12},"end":{"line":3,"column":null}},"2":{"start":{"line":4,"column":13},"end":{"line":4,"column":null}},"3":{"start":{"line":5,"column":13},"end":{"line":5,"column":null}},"4":{"start":{"line":6,"column":15},"end":{"line":6,"column":null}},"5":{"start":{"line":9,"column":21},"end":{"line":37,"column":null}},"6":{"start":{"line":10,"column":2},"end":{"line":36,"column":null}},"7":{"start":{"line":11,"column":18},"end":{"line":11,"column":null}},"8":{"start":{"line":13,"column":4},"end":{"line":18,"column":null}},"9":{"start":{"line":14,"column":6},"end":{"line":17,"column":null}},"10":{"start":{"line":20,"column":20},"end":{"line":20,"column":null}},"11":{"start":{"line":21,"column":4},"end":{"line":21,"column":null}},"12":{"start":{"line":23,"column":4},"end":{"line":28,"column":null}},"13":{"start":{"line":24,"column":6},"end":{"line":27,"column":null}},"14":{"start":{"line":30,"column":4},"end":{"line":30,"column":null}},"15":{"start":{"line":32,"column":4},"end":{"line":35,"column":null}},"16":{"start":{"line":40,"column":0},"end":{"line":87,"column":null}},"17":{"start":{"line":41,"column":2},"end":{"line":86,"column":null}},"18":{"start":{"line":42,"column":17},"end":{"line":42,"column":null}},"19":{"start":{"line":43,"column":18},"end":{"line":43,"column":null}},"20":{"start":{"line":44,"column":17},"end":{"line":44,"column":null}},"21":{"start":{"line":45,"column":19},"end":{"line":45,"column":null}},"22":{"start":{"line":46,"column":17},"end":{"line":46,"column":64}},"23":{"start":{"line":48,"column":16},"end":{"line":48,"column":null}},"24":{"start":{"line":51,"column":4},"end":{"line":56,"column":null}},"25":{"start":{"line":52,"column":6},"end":{"line":55,"column":null}},"26":{"start":{"line":59,"column":4},"end":{"line":61,"column":null}},"27":{"start":{"line":60,"column":6},"end":{"line":60,"column":null}},"28":{"start":{"line":63,"column":18},"end":{"line":67,"column":null}},"29":{"start":{"line":69,"column":23},"end":{"line":69,"column":null}},"30":{"start":{"line":71,"column":4},"end":{"line":79,"column":null}},"31":{"start":{"line":81,"column":4},"end":{"line":81,"column":null}},"32":{"start":{"line":82,"column":4},"end":{"line":85,"column":null}},"33":{"start":{"line":90,"column":0},"end":{"line":124,"column":null}},"34":{"start":{"line":91,"column":2},"end":{"line":123,"column":null}},"35":{"start":{"line":92,"column":19},"end":{"line":92,"column":32}},"36":{"start":{"line":94,"column":17},"end":{"line":94,"column":null}},"37":{"start":{"line":96,"column":4},"end":{"line":101,"column":null}},"38":{"start":{"line":97,"column":6},"end":{"line":100,"column":null}},"39":{"start":{"line":104,"column":4},"end":{"line":104,"column":null}},"40":{"start":{"line":105,"column":4},"end":{"line":105,"column":null}},"41":{"start":{"line":107,"column":4},"end":{"line":110,"column":null}},"42":{"start":{"line":112,"column":4},"end":{"line":112,"column":null}},"43":{"start":{"line":113,"column":4},"end":{"line":118,"column":null}},"44":{"start":{"line":114,"column":6},"end":{"line":117,"column":null}},"45":{"start":{"line":119,"column":4},"end":{"line":122,"column":null}},"46":{"start":{"line":127,"column":0},"end":{"line":166,"column":null}},"47":{"start":{"line":128,"column":2},"end":{"line":165,"column":null}},"48":{"start":{"line":129,"column":37},"end":{"line":129,"column":45}},"49":{"start":{"line":132,"column":4},"end":{"line":137,"column":null}},"50":{"start":{"line":133,"column":6},"end":{"line":136,"column":null}},"51":{"start":{"line":139,"column":17},"end":{"line":144,"column":null}},"52":{"start":{"line":146,"column":4},"end":{"line":146,"column":null}},"53":{"start":{"line":148,"column":4},"end":{"line":151,"column":null}},"54":{"start":{"line":153,"column":4},"end":{"line":153,"column":null}},"55":{"start":{"line":154,"column":4},"end":{"line":160,"column":null}},"56":{"start":{"line":155,"column":6},"end":{"line":159,"column":null}},"57":{"start":{"line":158,"column":53},"end":{"line":158,"column":62}},"58":{"start":{"line":161,"column":4},"end":{"line":164,"column":null}},"59":{"start":{"line":169,"column":0},"end":{"line":215,"column":null}},"60":{"start":{"line":170,"column":2},"end":{"line":214,"column":null}},"61":{"start":{"line":171,"column":19},"end":{"line":171,"column":32}},"62":{"start":{"line":172,"column":23},"end":{"line":172,"column":31}},"63":{"start":{"line":174,"column":17},"end":{"line":174,"column":null}},"64":{"start":{"line":176,"column":4},"end":{"line":181,"column":null}},"65":{"start":{"line":177,"column":6},"end":{"line":180,"column":null}},"66":{"start":{"line":184,"column":4},"end":{"line":189,"column":null}},"67":{"start":{"line":185,"column":6},"end":{"line":188,"column":null}},"68":{"start":{"line":191,"column":24},"end":{"line":195,"column":null}},"69":{"start":{"line":197,"column":4},"end":{"line":200,"column":null}},"70":{"start":{"line":202,"column":4},"end":{"line":202,"column":null}},"71":{"start":{"line":203,"column":4},"end":{"line":209,"column":null}},"72":{"start":{"line":204,"column":6},"end":{"line":208,"column":null}},"73":{"start":{"line":207,"column":53},"end":{"line":207,"column":62}},"74":{"start":{"line":210,"column":4},"end":{"line":213,"column":null}},"75":{"start":{"line":218,"column":0},"end":{"line":252,"column":null}},"76":{"start":{"line":219,"column":2},"end":{"line":251,"column":null}},"77":{"start":{"line":220,"column":19},"end":{"line":220,"column":32}},"78":{"start":{"line":222,"column":17},"end":{"line":222,"column":null}},"79":{"start":{"line":224,"column":4},"end":{"line":229,"column":null}},"80":{"start":{"line":225,"column":6},"end":{"line":228,"column":null}},"81":{"start":{"line":232,"column":4},"end":{"line":237,"column":null}},"82":{"start":{"line":233,"column":6},"end":{"line":236,"column":null}},"83":{"start":{"line":239,"column":4},"end":{"line":239,"column":null}},"84":{"start":{"line":241,"column":4},"end":{"line":244,"column":null}},"85":{"start":{"line":246,"column":4},"end":{"line":246,"column":null}},"86":{"start":{"line":247,"column":4},"end":{"line":250,"column":null}},"87":{"start":{"line":254,"column":0},"end":{"line":254,"column":null}}},"fnMap":{"0":{"name":"(anonymous_0)","decl":{"start":{"line":9,"column":21},"end":{"line":9,"column":28}},"loc":{"start":{"line":9,"column":38},"end":{"line":37,"column":null}}},"1":{"name":"(anonymous_1)","decl":{"start":{"line":40,"column":16},"end":{"line":40,"column":23}},"loc":{"start":{"line":40,"column":28},"end":{"line":87,"column":null}}},"2":{"name":"(anonymous_2)","decl":{"start":{"line":90,"column":19},"end":{"line":90,"column":26}},"loc":{"start":{"line":90,"column":31},"end":{"line":124,"column":null}}},"3":{"name":"(anonymous_3)","decl":{"start":{"line":127,"column":31},"end":{"line":127,"column":38}},"loc":{"start":{"line":127,"column":43},"end":{"line":166,"column":null}}},"4":{"name":"(anonymous_4)","decl":{"start":{"line":158,"column":48},"end":{"line":158,"column":53}},"loc":{"start":{"line":158,"column":53},"end":{"line":158,"column":62}}},"5":{"name":"(anonymous_5)","decl":{"start":{"line":169,"column":33},"end":{"line":169,"column":40}},"loc":{"start":{"line":169,"column":45},"end":{"line":215,"column":null}}},"6":{"name":"(anonymous_6)","decl":{"start":{"line":207,"column":48},"end":{"line":207,"column":53}},"loc":{"start":{"line":207,"column":53},"end":{"line":207,"column":62}}},"7":{"name":"(anonymous_7)","decl":{"start":{"line":218,"column":36},"end":{"line":218,"column":43}},"loc":{"start":{"line":218,"column":48},"end":{"line":252,"column":null}}}},"branchMap":{"0":{"loc":{"start":{"line":13,"column":4},"end":{"line":18,"column":null}},"type":"if","locations":[{"start":{"line":13,"column":4},"end":{"line":18,"column":null}},{"start":{},"end":{}}]},"1":{"loc":{"start":{"line":20,"column":38},"end":{"line":20,"column":null}},"type":"binary-expr","locations":[{"start":{"line":20,"column":38},"end":{"line":20,"column":60}},{"start":{"line":20,"column":64},"end":{"line":20,"column":null}}]},"2":{"loc":{"start":{"line":23,"column":4},"end":{"line":28,"column":null}},"type":"if","locations":[{"start":{"line":23,"column":4},"end":{"line":28,"column":null}},{"start":{},"end":{}}]},"3":{"loc":{"start":{"line":42,"column":17},"end":{"line":42,"column":null}},"type":"binary-expr","locations":[{"start":{"line":42,"column":17},"end":{"line":42,"column":45}},{"start":{"line":42,"column":45},"end":{"line":42,"column":null}}]},"4":{"loc":{"start":{"line":43,"column":18},"end":{"line":43,"column":null}},"type":"binary-expr","locations":[{"start":{"line":43,"column":18},"end":{"line":43,"column":47}},{"start":{"line":43,"column":47},"end":{"line":43,"column":null}}]},"5":{"loc":{"start":{"line":45,"column":19},"end":{"line":45,"column":null}},"type":"binary-expr","locations":[{"start":{"line":45,"column":19},"end":{"line":45,"column":35}},{"start":{"line":45,"column":39},"end":{"line":45,"column":null}}]},"6":{"loc":{"start":{"line":46,"column":17},"end":{"line":46,"column":64}},"type":"cond-expr","locations":[{"start":{"line":46,"column":34},"end":{"line":46,"column":62}},{"start":{"line":46,"column":62},"end":{"line":46,"column":64}}]},"7":{"loc":{"start":{"line":51,"column":4},"end":{"line":56,"column":null}},"type":"if","locations":[{"start":{"line":51,"column":4},"end":{"line":56,"column":null}},{"start":{},"end":{}}]},"8":{"loc":{"start":{"line":59,"column":4},"end":{"line":61,"column":null}},"type":"if","locations":[{"start":{"line":59,"column":4},"end":{"line":61,"column":null}},{"start":{},"end":{}}]},"9":{"loc":{"start":{"line":96,"column":4},"end":{"line":101,"column":null}},"type":"if","locations":[{"start":{"line":96,"column":4},"end":{"line":101,"column":null}},{"start":{},"end":{}}]},"10":{"loc":{"start":{"line":113,"column":4},"end":{"line":118,"column":null}},"type":"if","locations":[{"start":{"line":113,"column":4},"end":{"line":118,"column":null}},{"start":{},"end":{}}]},"11":{"loc":{"start":{"line":132,"column":4},"end":{"line":137,"column":null}},"type":"if","locations":[{"start":{"line":132,"column":4},"end":{"line":137,"column":null}},{"start":{},"end":{}}]},"12":{"loc":{"start":{"line":132,"column":8},"end":{"line":132,"column":28}},"type":"binary-expr","locations":[{"start":{"line":132,"column":8},"end":{"line":132,"column":18}},{"start":{"line":132,"column":18},"end":{"line":132,"column":28}}]},"13":{"loc":{"start":{"line":142,"column":12},"end":{"line":142,"column":22}},"type":"binary-expr","locations":[{"start":{"line":142,"column":12},"end":{"line":142,"column":20}},{"start":{"line":142,"column":20},"end":{"line":142,"column":22}}]},"14":{"loc":{"start":{"line":154,"column":4},"end":{"line":160,"column":null}},"type":"if","locations":[{"start":{"line":154,"column":4},"end":{"line":160,"column":null}},{"start":{},"end":{}}]},"15":{"loc":{"start":{"line":176,"column":4},"end":{"line":181,"column":null}},"type":"if","locations":[{"start":{"line":176,"column":4},"end":{"line":181,"column":null}},{"start":{},"end":{}}]},"16":{"loc":{"start":{"line":184,"column":4},"end":{"line":189,"column":null}},"type":"if","locations":[{"start":{"line":184,"column":4},"end":{"line":189,"column":null}},{"start":{},"end":{}}]},"17":{"loc":{"start":{"line":184,"column":8},"end":{"line":184,"column":89}},"type":"binary-expr","locations":[{"start":{"line":184,"column":8},"end":{"line":184,"column":62}},{"start":{"line":184,"column":62},"end":{"line":184,"column":89}}]},"18":{"loc":{"start":{"line":203,"column":4},"end":{"line":209,"column":null}},"type":"if","locations":[{"start":{"line":203,"column":4},"end":{"line":209,"column":null}},{"start":{},"end":{}}]},"19":{"loc":{"start":{"line":224,"column":4},"end":{"line":229,"column":null}},"type":"if","locations":[{"start":{"line":224,"column":4},"end":{"line":229,"column":null}},{"start":{},"end":{}}]},"20":{"loc":{"start":{"line":232,"column":4},"end":{"line":237,"column":null}},"type":"if","locations":[{"start":{"line":232,"column":4},"end":{"line":237,"column":null}},{"start":{},"end":{}}]},"21":{"loc":{"start":{"line":232,"column":8},"end":{"line":232,"column":89}},"type":"binary-expr","locations":[{"start":{"line":232,"column":8},"end":{"line":232,"column":62}},{"start":{"line":232,"column":62},"end":{"line":232,"column":89}}]}},"s":{"0":1,"1":1,"2":1,"3":1,"4":1,"5":1,"6":0,"7":0,"8":0,"9":0,"10":0,"11":0,"12":0,"13":0,"14":0,"15":0,"16":1,"17":0,"18":0,"19":0,"20":0,"21":0,"22":0,"23":0,"24":0,"25":0,"26":0,"27":0,"28":0,"29":0,"30":0,"31":0,"32":0,"33":1,"34":0,"35":0,"36":0,"37":0,"38":0,"39":0,"40":0,"41":0,"42":0,"43":0,"44":0,"45":0,"46":1,"47":0,"48":0,"49":0,"50":0,"51":0,"52":0,"53":0,"54":0,"55":0,"56":0,"57":0,"58":0,"59":1,"60":0,"61":0,"62":0,"63":0,"64":0,"65":0,"66":0,"67":0,"68":0,"69":0,"70":0,"71":0,"72":0,"73":0,"74":0,"75":1,"76":0,"77":0,"78":0,"79":0,"80":0,"81":0,"82":0,"83":0,"84":0,"85":0,"86":0,"87":1},"f":{"0":0,"1":0,"2":0,"3":0,"4":0,"5":0,"6":0,"7":0},"b":{"0":[0,0],"1":[0,0],"2":[0,0],"3":[0,0],"4":[0,0],"5":[0,0],"6":[0,0],"7":[0,0],"8":[0,0],"9":[0,0],"10":[0,0],"11":[0,0],"12":[0,0],"13":[0,0],"14":[0,0],"15":[0,0],"16":[0,0],"17":[0,0],"18":[0,0],"19":[0,0],"20":[0,0],"21":[0,0]}}
,"C:\\Users\\SHANN\\Desktop\\PLP-MERN Stack\\Assignments\\testing-and-debugging-ensuring-mern-app-reliability-Shann404\\server\\routes\\users.js": {"path":"C:\\Users\\SHANN\\Desktop\\PLP-MERN Stack\\Assignments\\testing-and-debugging-ensuring-mern-app-reliability-Shann404\\server\\routes\\users.js","statementMap":{"0":{"start":{"line":2,"column":16},"end":{"line":2,"column":null}},"1":{"start":{"line":3,"column":12},"end":{"line":3,"column":null}},"2":{"start":{"line":4,"column":13},"end":{"line":4,"column":null}},"3":{"start":{"line":5,"column":15},"end":{"line":5,"column":null}},"4":{"start":{"line":6,"column":23},"end":{"line":6,"column":null}},"5":{"start":{"line":7,"column":24},"end":{"line":7,"column":null}},"6":{"start":{"line":8,"column":23},"end":{"line":8,"column":null}},"7":{"start":{"line":11,"column":21},"end":{"line":39,"column":null}},"8":{"start":{"line":12,"column":2},"end":{"line":38,"column":null}},"9":{"start":{"line":13,"column":18},"end":{"line":13,"column":null}},"10":{"start":{"line":15,"column":4},"end":{"line":20,"column":null}},"11":{"start":{"line":16,"column":6},"end":{"line":19,"column":null}},"12":{"start":{"line":22,"column":20},"end":{"line":22,"column":null}},"13":{"start":{"line":23,"column":4},"end":{"line":23,"column":null}},"14":{"start":{"line":25,"column":4},"end":{"line":30,"column":null}},"15":{"start":{"line":26,"column":6},"end":{"line":29,"column":null}},"16":{"start":{"line":32,"column":4},"end":{"line":32,"column":null}},"17":{"start":{"line":34,"column":4},"end":{"line":37,"column":null}},"18":{"start":{"line":41,"column":0},"end":{"line":41,"column":null}},"19":{"start":{"line":45,"column":0},"end":{"line":82,"column":null}},"20":{"start":{"line":46,"column":2},"end":{"line":81,"column":null}},"21":{"start":{"line":47,"column":4},"end":{"line":52,"column":null}},"22":{"start":{"line":48,"column":6},"end":{"line":51,"column":null}},"23":{"start":{"line":54,"column":17},"end":{"line":54,"column":null}},"24":{"start":{"line":55,"column":18},"end":{"line":55,"column":null}},"25":{"start":{"line":56,"column":17},"end":{"line":56,"column":null}},"26":{"start":{"line":58,"column":18},"end":{"line":62,"column":null}},"27":{"start":{"line":64,"column":23},"end":{"line":64,"column":null}},"28":{"start":{"line":66,"column":4},"end":{"line":74,"column":null}},"29":{"start":{"line":76,"column":4},"end":{"line":76,"column":null}},"30":{"start":{"line":77,"column":4},"end":{"line":80,"column":null}},"31":{"start":{"line":85,"column":0},"end":{"line":123,"column":null}},"32":{"start":{"line":86,"column":2},"end":{"line":122,"column":null}},"33":{"start":{"line":87,"column":19},"end":{"line":87,"column":32}},"34":{"start":{"line":90,"column":4},"end":{"line":95,"column":null}},"35":{"start":{"line":91,"column":6},"end":{"line":94,"column":null}},"36":{"start":{"line":97,"column":17},"end":{"line":97,"column":null}},"37":{"start":{"line":99,"column":4},"end":{"line":104,"column":null}},"38":{"start":{"line":100,"column":6},"end":{"line":103,"column":null}},"39":{"start":{"line":106,"column":4},"end":{"line":109,"column":null}},"40":{"start":{"line":111,"column":4},"end":{"line":111,"column":null}},"41":{"start":{"line":112,"column":4},"end":{"line":117,"column":null}},"42":{"start":{"line":113,"column":6},"end":{"line":116,"column":null}},"43":{"start":{"line":118,"column":4},"end":{"line":121,"column":null}},"44":{"start":{"line":126,"column":0},"end":{"line":179,"column":null}},"45":{"start":{"line":127,"column":2},"end":{"line":178,"column":null}},"46":{"start":{"line":128,"column":19},"end":{"line":128,"column":32}},"47":{"start":{"line":129,"column":23},"end":{"line":129,"column":31}},"48":{"start":{"line":132,"column":4},"end":{"line":137,"column":null}},"49":{"start":{"line":133,"column":6},"end":{"line":136,"column":null}},"50":{"start":{"line":140,"column":4},"end":{"line":140,"column":null}},"51":{"start":{"line":142,"column":17},"end":{"line":146,"column":null}},"52":{"start":{"line":148,"column":4},"end":{"line":153,"column":null}},"53":{"start":{"line":149,"column":6},"end":{"line":152,"column":null}},"54":{"start":{"line":155,"column":4},"end":{"line":158,"column":null}},"55":{"start":{"line":160,"column":4},"end":{"line":160,"column":null}},"56":{"start":{"line":161,"column":4},"end":{"line":166,"column":null}},"57":{"start":{"line":162,"column":6},"end":{"line":165,"column":null}},"58":{"start":{"line":167,"column":4},"end":{"line":173,"column":null}},"59":{"start":{"line":168,"column":6},"end":{"line":172,"column":null}},"60":{"start":{"line":171,"column":53},"end":{"line":171,"column":62}},"61":{"start":{"line":174,"column":4},"end":{"line":177,"column":null}},"62":{"start":{"line":182,"column":0},"end":{"line":214,"column":null}},"63":{"start":{"line":183,"column":2},"end":{"line":213,"column":null}},"64":{"start":{"line":184,"column":19},"end":{"line":184,"column":32}},"65":{"start":{"line":187,"column":4},"end":{"line":192,"column":null}},"66":{"start":{"line":188,"column":6},"end":{"line":191,"column":null}},"67":{"start":{"line":194,"column":17},"end":{"line":194,"column":null}},"68":{"start":{"line":196,"column":4},"end":{"line":201,"column":null}},"69":{"start":{"line":197,"column":6},"end":{"line":200,"column":null}},"70":{"start":{"line":203,"column":4},"end":{"line":206,"column":null}},"71":{"start":{"line":208,"column":4},"end":{"line":208,"column":null}},"72":{"start":{"line":209,"column":4},"end":{"line":212,"column":null}},"73":{"start":{"line":216,"column":0},"end":{"line":216,"column":null}}},"fnMap":{"0":{"name":"(anonymous_0)","decl":{"start":{"line":11,"column":21},"end":{"line":11,"column":28}},"loc":{"start":{"line":11,"column":38},"end":{"line":39,"column":null}}},"1":{"name":"(anonymous_1)","decl":{"start":{"line":45,"column":30},"end":{"line":45,"column":37}},"loc":{"start":{"line":45,"column":42},"end":{"line":82,"column":null}}},"2":{"name":"(anonymous_2)","decl":{"start":{"line":85,"column":33},"end":{"line":85,"column":40}},"loc":{"start":{"line":85,"column":45},"end":{"line":123,"column":null}}},"3":{"name":"(anonymous_3)","decl":{"start":{"line":126,"column":33},"end":{"line":126,"column":40}},"loc":{"start":{"line":126,"column":45},"end":{"line":179,"column":null}}},"4":{"name":"(anonymous_4)","decl":{"start":{"line":171,"column":48},"end":{"line":171,"column":53}},"loc":{"start":{"line":171,"column":53},"end":{"line":171,"column":62}}},"5":{"name":"(anonymous_5)","decl":{"start":{"line":182,"column":36},"end":{"line":182,"column":43}},"loc":{"start":{"line":182,"column":48},"end":{"line":214,"column":null}}}},"branchMap":{"0":{"loc":{"start":{"line":15,"column":4},"end":{"line":20,"column":null}},"type":"if","locations":[{"start":{"line":15,"column":4},"end":{"line":20,"column":null}},{"start":{},"end":{}}]},"1":{"loc":{"start":{"line":22,"column":38},"end":{"line":22,"column":null}},"type":"binary-expr","locations":[{"start":{"line":22,"column":38},"end":{"line":22,"column":60}},{"start":{"line":22,"column":64},"end":{"line":22,"column":null}}]},"2":{"loc":{"start":{"line":25,"column":4},"end":{"line":30,"column":null}},"type":"if","locations":[{"start":{"line":25,"column":4},"end":{"line":30,"column":null}},{"start":{},"end":{}}]},"3":{"loc":{"start":{"line":47,"column":4},"end":{"line":52,"column":null}},"type":"if","locations":[{"start":{"line":47,"column":4},"end":{"line":52,"column":null}},{"start":{},"end":{}}]},"4":{"loc":{"start":{"line":54,"column":17},"end":{"line":54,"column":null}},"type":"binary-expr","locations":[{"start":{"line":54,"column":17},"end":{"line":54,"column":45}},{"start":{"line":54,"column":45},"end":{"line":54,"column":null}}]},"5":{"loc":{"start":{"line":55,"column":18},"end":{"line":55,"column":null}},"type":"binary-expr","locations":[{"start":{"line":55,"column":18},"end":{"line":55,"column":47}},{"start":{"line":55,"column":47},"end":{"line":55,"column":null}}]},"6":{"loc":{"start":{"line":90,"column":4},"end":{"line":95,"column":null}},"type":"if","locations":[{"start":{"line":90,"column":4},"end":{"line":95,"column":null}},{"start":{},"end":{}}]},"7":{"loc":{"start":{"line":90,"column":8},"end":{"line":90,"column":73}},"type":"binary-expr","locations":[{"start":{"line":90,"column":8},"end":{"line":90,"column":37}},{"start":{"line":90,"column":37},"end":{"line":90,"column":73}}]},"8":{"loc":{"start":{"line":99,"column":4},"end":{"line":104,"column":null}},"type":"if","locations":[{"start":{"line":99,"column":4},"end":{"line":104,"column":null}},{"start":{},"end":{}}]},"9":{"loc":{"start":{"line":112,"column":4},"end":{"line":117,"column":null}},"type":"if","locations":[{"start":{"line":112,"column":4},"end":{"line":117,"column":null}},{"start":{},"end":{}}]},"10":{"loc":{"start":{"line":132,"column":4},"end":{"line":137,"column":null}},"type":"if","locations":[{"start":{"line":132,"column":4},"end":{"line":137,"column":null}},{"start":{},"end":{}}]},"11":{"loc":{"start":{"line":132,"column":8},"end":{"line":132,"column":73}},"type":"binary-expr","locations":[{"start":{"line":132,"column":8},"end":{"line":132,"column":37}},{"start":{"line":132,"column":37},"end":{"line":132,"column":73}}]},"12":{"loc":{"start":{"line":148,"column":4},"end":{"line":153,"column":null}},"type":"if","locations":[{"start":{"line":148,"column":4},"end":{"line":153,"column":null}},{"start":{},"end":{}}]},"13":{"loc":{"start":{"line":161,"column":4},"end":{"line":166,"column":null}},"type":"if","locations":[{"start":{"line":161,"column":4},"end":{"line":166,"column":null}},{"start":{},"end":{}}]},"14":{"loc":{"start":{"line":167,"column":4},"end":{"line":173,"column":null}},"type":"if","locations":[{"start":{"line":167,"column":4},"end":{"line":173,"column":null}},{"start":{},"end":{}}]},"15":{"loc":{"start":{"line":187,"column":4},"end":{"line":192,"column":null}},"type":"if","locations":[{"start":{"line":187,"column":4},"end":{"line":192,"column":null}},{"start":{},"end":{}}]},"16":{"loc":{"start":{"line":187,"column":8},"end":{"line":187,"column":73}},"type":"binary-expr","locations":[{"start":{"line":187,"column":8},"end":{"line":187,"column":37}},{"start":{"line":187,"column":37},"end":{"line":187,"column":73}}]},"17":{"loc":{"start":{"line":196,"column":4},"end":{"line":201,"column":null}},"type":"if","locations":[{"start":{"line":196,"column":4},"end":{"line":201,"column":null}},{"start":{},"end":{}}]}},"s":{"0":1,"1":1,"2":1,"3":1,"4":1,"5":1,"6":1,"7":1,"8":0,"9":0,"10":0,"11":0,"12":0,"13":0,"14":0,"15":0,"16":0,"17":0,"18":1,"19":1,"20":0,"21":0,"22":0,"23":0,"24":0,"25":0,"26":0,"27":0,"28":0,"29":0,"30":0,"31":1,"32":0,"33":0,"34":0,"35":0,"36":0,"37":0,"38":0,"39":0,"40":0,"41":0,"42":0,"43":0,"44":1,"45":0,"46":0,"47":0,"48":0,"49":0,"50":0,"51":0,"52":0,"53":0,"54":0,"55":0,"56":0,"57":0,"58":0,"59":0,"60":0,"61":0,"62":1,"63":0,"64":0,"65":0,"66":0,"67":0,"68":0,"69":0,"70":0,"71":0,"72":0,"73":1},"f":{"0":0,"1":0,"2":0,"3":0,"4":0,"5":0},"b":{"0":[0,0],"1":[0,0],"2":[0,0],"3":[0,0],"4":[0,0],"5":[0,0],"6":[0,0],"7":[0,0],"8":[0,0],"9":[0,0],"10":[0,0],"11":[0,0],"12":[0,0],"13":[0,0],"14":[0,0],"15":[0,0],"16":[0,0],"17":[0,0]}}
}
