TN:
SF:server\app.js
FN:27,(anonymous_0)
FN:36,(anonymous_1)
FN:44,(anonymous_2)
FN:51,(anonymous_3)
FNF:4
FNH:0
FNDA:0,(anonymous_0)
FNDA:0,(anonymous_1)
FNDA:0,(anonymous_2)
FNDA:0,(anonymous_3)
DA:2,1
DA:3,1
DA:4,1
DA:5,1
DA:6,1
DA:8,1
DA:9,1
DA:10,1
DA:12,1
DA:15,1
DA:16,1
DA:17,1
DA:18,1
DA:19,1
DA:22,1
DA:23,1
DA:24,1
DA:27,1
DA:28,0
DA:36,1
DA:37,0
DA:44,1
DA:45,0
DA:47,0
DA:48,0
DA:51,0
DA:55,0
DA:56,0
DA:62,0
DA:68,1
LF:30
LH:21
BRDA:47,0,0,0
BRDA:47,0,1,0
BRDA:55,1,0,0
BRDA:55,1,1,0
BRDA:62,2,0,0
BRDA:62,2,1,0
BRDA:64,3,0,0
BRDA:64,3,1,0
BRF:8
BRH:0
end_of_record
TN:
SF:server\controllers\userController.js
FN:3,(anonymous_0)
FN:7,(anonymous_1)
FNF:2
FNH:0
FNDA:0,(anonymous_0)
FNDA:0,(anonymous_1)
DA:3,1
DA:4,0
DA:7,1
DA:8,0
LF:4
LH:2
BRF:0
BRH:0
end_of_record
TN:
SF:server\middleware\adminMiddleware.js
FN:1,(anonymous_0)
FNF:1
FNH:0
FNDA:0,(anonymous_0)
DA:1,1
DA:2,0
DA:3,0
DA:5,0
DA:8,1
LF:5
LH:2
BRDA:2,0,0,0
BRDA:2,0,1,0
BRDA:2,1,0,0
BRDA:2,1,1,0
BRF:4
BRH:0
end_of_record
TN:
SF:server\middleware\authMiddleware.js
FN:4,(anonymous_0)
FNF:1
FNH:0
FNDA:0,(anonymous_0)
DA:1,1
DA:2,1
DA:4,1
DA:5,0
DA:6,0
DA:7,0
DA:10,0
DA:11,0
DA:12,0
DA:13,0
DA:14,0
DA:16,0
DA:20,1
LF:13
LH:4
BRDA:6,0,0,0
BRDA:6,0,1,0
BRDA:6,1,0,0
BRDA:6,1,1,0
BRF:4
BRH:0
end_of_record
TN:
SF:server\models\Post.js
FNF:0
FNH:0
DA:2,1
DA:4,1
DA:38,1
DA:39,1
DA:41,1
LF:5
LH:5
BRF:0
BRH:0
end_of_record
TN:
SF:server\models\User.js
FN:36,(anonymous_0)
FN:44,(anonymous_1)
FNF:2
FNH:2
FNDA:19,(anonymous_0)
FNDA:27,(anonymous_1)
DA:2,1
DA:3,1
DA:5,1
DA:36,1
DA:37,19
DA:38,19
DA:40,0
DA:44,1
DA:45,27
DA:47,27
DA:48,27
DA:49,27
DA:50,27
DA:52,0
DA:57,1
DA:59,1
LF:16
LH:14
BRDA:45,0,0,0
BRDA:45,0,1,27
BRF:2
BRH:1
end_of_record
TN:
SF:server\routes\auth.js
FN:8,(anonymous_0)
FN:60,(anonymous_1)
FN:85,(anonymous_2)
FN:145,(anonymous_3)
FN:199,(anonymous_4)
FNF:5
FNH:3
FNDA:21,(anonymous_0)
FNDA:2,(anonymous_1)
FNDA:27,(anonymous_2)
FNDA:0,(anonymous_3)
FNDA:0,(anonymous_4)
DA:2,1
DA:3,1
DA:4,1
DA:5,1
DA:8,1
DA:9,21
DA:10,21
DA:13,21
DA:14,4
DA:21,17
DA:22,17
DA:23,6
DA:30,11
DA:37,9
DA:43,9
DA:56,2
DA:59,2
DA:60,2
DA:61,2
DA:69,0
DA:70,0
DA:76,0
DA:85,1
DA:86,27
DA:87,27
DA:90,27
DA:91,3
DA:98,24
DA:99,24
DA:100,5
DA:107,19
DA:108,19
DA:109,1
DA:116,18
DA:122,18
DA:135,0
DA:136,0
DA:145,1
DA:146,0
DA:147,0
DA:149,0
DA:150,0
DA:156,0
DA:157,0
DA:159,0
DA:160,0
DA:166,0
DA:178,0
DA:179,0
DA:180,0
DA:185,0
DA:186,0
DA:191,0
DA:199,1
DA:201,0
DA:216,1
LF:56
LH:35
BRDA:13,0,0,4
BRDA:13,0,1,17
BRDA:13,1,0,21
BRDA:13,1,1,18
BRDA:13,1,2,17
BRDA:22,2,0,6
BRDA:22,2,1,11
BRDA:39,3,0,9
BRDA:39,3,1,0
BRDA:59,4,0,2
BRDA:59,4,1,0
BRDA:69,5,0,0
BRDA:69,5,1,0
BRDA:90,6,0,3
BRDA:90,6,1,24
BRDA:90,7,0,27
BRDA:90,7,1,25
BRDA:99,8,0,5
BRDA:99,8,1,19
BRDA:108,9,0,1
BRDA:108,9,1,18
BRDA:118,10,0,18
BRDA:118,10,1,0
BRDA:149,11,0,0
BRDA:149,11,1,0
BRDA:156,12,0,0
BRDA:156,12,1,0
BRDA:159,13,0,0
BRDA:159,13,1,0
BRDA:179,14,0,0
BRDA:179,14,1,0
BRDA:185,15,0,0
BRDA:185,15,1,0
BRF:33
BRH:18
end_of_record
TN:
SF:server\routes\posts.js
FN:9,(anonymous_0)
FN:40,(anonymous_1)
FN:90,(anonymous_2)
FN:127,(anonymous_3)
FN:158,(anonymous_4)
FN:169,(anonymous_5)
FN:207,(anonymous_6)
FN:218,(anonymous_7)
FNF:8
FNH:0
FNDA:0,(anonymous_0)
FNDA:0,(anonymous_1)
FNDA:0,(anonymous_2)
FNDA:0,(anonymous_3)
FNDA:0,(anonymous_4)
FNDA:0,(anonymous_5)
FNDA:0,(anonymous_6)
FNDA:0,(anonymous_7)
DA:2,1
DA:3,1
DA:4,1
DA:5,1
DA:6,1
DA:9,1
DA:10,0
DA:11,0
DA:13,0
DA:14,0
DA:20,0
DA:21,0
DA:23,0
DA:24,0
DA:30,0
DA:32,0
DA:40,1
DA:41,0
DA:42,0
DA:43,0
DA:44,0
DA:45,0
DA:46,0
DA:48,0
DA:51,0
DA:52,0
DA:59,0
DA:60,0
DA:63,0
DA:69,0
DA:71,0
DA:81,0
DA:82,0
DA:90,1
DA:91,0
DA:92,0
DA:94,0
DA:96,0
DA:97,0
DA:104,0
DA:105,0
DA:107,0
DA:112,0
DA:113,0
DA:114,0
DA:119,0
DA:127,1
DA:128,0
DA:129,0
DA:132,0
DA:133,0
DA:139,0
DA:146,0
DA:148,0
DA:153,0
DA:154,0
DA:155,0
DA:158,0
DA:161,0
DA:169,1
DA:170,0
DA:171,0
DA:172,0
DA:174,0
DA:176,0
DA:177,0
DA:184,0
DA:185,0
DA:191,0
DA:197,0
DA:202,0
DA:203,0
DA:204,0
DA:207,0
DA:210,0
DA:218,1
DA:219,0
DA:220,0
DA:222,0
DA:224,0
DA:225,0
DA:232,0
DA:233,0
DA:239,0
DA:241,0
DA:246,0
DA:247,0
DA:254,1
LF:88
LH:12
BRDA:13,0,0,0
BRDA:13,0,1,0
BRDA:20,1,0,0
BRDA:20,1,1,0
BRDA:23,2,0,0
BRDA:23,2,1,0
BRDA:42,3,0,0
BRDA:42,3,1,0
BRDA:43,4,0,0
BRDA:43,4,1,0
BRDA:45,5,0,0
BRDA:45,5,1,0
BRDA:46,6,0,0
BRDA:46,6,1,0
BRDA:51,7,0,0
BRDA:51,7,1,0
BRDA:59,8,0,0
BRDA:59,8,1,0
BRDA:96,9,0,0
BRDA:96,9,1,0
BRDA:113,10,0,0
BRDA:113,10,1,0
BRDA:132,11,0,0
BRDA:132,11,1,0
BRDA:132,12,0,0
BRDA:132,12,1,0
BRDA:142,13,0,0
BRDA:142,13,1,0
BRDA:154,14,0,0
BRDA:154,14,1,0
BRDA:176,15,0,0
BRDA:176,15,1,0
BRDA:184,16,0,0
BRDA:184,16,1,0
BRDA:184,17,0,0
BRDA:184,17,1,0
BRDA:203,18,0,0
BRDA:203,18,1,0
BRDA:224,19,0,0
BRDA:224,19,1,0
BRDA:232,20,0,0
BRDA:232,20,1,0
BRDA:232,21,0,0
BRDA:232,21,1,0
BRF:44
BRH:0
end_of_record
TN:
SF:server\routes\users.js
FN:11,(anonymous_0)
FN:45,(anonymous_1)
FN:85,(anonymous_2)
FN:126,(anonymous_3)
FN:171,(anonymous_4)
FN:182,(anonymous_5)
FNF:6
FNH:0
FNDA:0,(anonymous_0)
FNDA:0,(anonymous_1)
FNDA:0,(anonymous_2)
FNDA:0,(anonymous_3)
FNDA:0,(anonymous_4)
FNDA:0,(anonymous_5)
DA:2,1
DA:3,1
DA:4,1
DA:5,1
DA:6,1
DA:7,1
DA:8,1
DA:11,1
DA:12,0
DA:13,0
DA:15,0
DA:16,0
DA:22,0
DA:23,0
DA:25,0
DA:26,0
DA:32,0
DA:34,0
DA:41,1
DA:45,1
DA:46,0
DA:47,0
DA:48,0
DA:54,0
DA:55,0
DA:56,0
DA:58,0
DA:64,0
DA:66,0
DA:76,0
DA:77,0
DA:85,1
DA:86,0
DA:87,0
DA:90,0
DA:91,0
DA:97,0
DA:99,0
DA:100,0
DA:106,0
DA:111,0
DA:112,0
DA:113,0
DA:118,0
DA:126,1
DA:127,0
DA:128,0
DA:129,0
DA:132,0
DA:133,0
DA:140,0
DA:142,0
DA:148,0
DA:149,0
DA:155,0
DA:160,0
DA:161,0
DA:162,0
DA:167,0
DA:168,0
DA:171,0
DA:174,0
DA:182,1
DA:183,0
DA:184,0
DA:187,0
DA:188,0
DA:194,0
DA:196,0
DA:197,0
DA:203,0
DA:208,0
DA:209,0
DA:216,1
LF:74
LH:14
BRDA:15,0,0,0
BRDA:15,0,1,0
BRDA:22,1,0,0
BRDA:22,1,1,0
BRDA:25,2,0,0
BRDA:25,2,1,0
BRDA:47,3,0,0
BRDA:47,3,1,0
BRDA:54,4,0,0
BRDA:54,4,1,0
BRDA:55,5,0,0
BRDA:55,5,1,0
BRDA:90,6,0,0
BRDA:90,6,1,0
BRDA:90,7,0,0
BRDA:90,7,1,0
BRDA:99,8,0,0
BRDA:99,8,1,0
BRDA:112,9,0,0
BRDA:112,9,1,0
BRDA:132,10,0,0
BRDA:132,10,1,0
BRDA:132,11,0,0
BRDA:132,11,1,0
BRDA:148,12,0,0
BRDA:148,12,1,0
BRDA:161,13,0,0
BRDA:161,13,1,0
BRDA:167,14,0,0
BRDA:167,14,1,0
BRDA:187,15,0,0
BRDA:187,15,1,0
BRDA:187,16,0,0
BRDA:187,16,1,0
BRDA:196,17,0,0
BRDA:196,17,1,0
BRF:36
BRH:0
end_of_record
